[35m[1mConsolidate compiler generated dependencies of target moveit_utils[0m
[  2%] Built target moveit_utils
[35m[1mConsolidate compiler generated dependencies of target gmock[0m
[  4%] Built target gmock
[35m[1mConsolidate compiler generated dependencies of target gmock_main[0m
[  5%] Built target gmock_main
[35m[1mConsolidate compiler generated dependencies of target moveit_smoothing_base[0m
[  6%] Built target moveit_smoothing_base
[  7%] Built target moveit_butterworth_filter_parameters
[  8%] Built target moveit_acceleration_filter_parameters
[35m[1mConsolidate compiler generated dependencies of target logger_dut[0m
[  9%] Built target logger_dut
[ 10%] [34m[1mGenerate version header[0m
[ 11%] [34m[1mGenerating version.h[0m
[ 11%] Built target version_h
[35m[1mConsolidate compiler generated dependencies of target moveit_exceptions[0m
[ 13%] Built target moveit_exceptions
[35m[1mConsolidate compiler generated dependencies of target moveit_transforms[0m
[ 15%] Built target moveit_transforms
[35m[1mConsolidate compiler generated dependencies of target moveit_distance_field[0m
[ 17%] Built target moveit_distance_field
[35m[1mConsolidate compiler generated dependencies of target moveit_version[0m
[ 19%] Built target moveit_version
[35m[1mConsolidate compiler generated dependencies of target moveit_robot_model[0m
[ 26%] Built target moveit_robot_model
[35m[1mConsolidate compiler generated dependencies of target gtest_main[0m
[ 27%] Built target gtest_main
[35m[1mConsolidate compiler generated dependencies of target moveit_butterworth_filter[0m
[ 28%] Built target moveit_butterworth_filter
[35m[1mConsolidate compiler generated dependencies of target moveit_kinematics_base[0m
[ 29%] Built target moveit_kinematics_base
[35m[1mConsolidate compiler generated dependencies of target gtest[0m
[ 30%] Built target gtest
[35m[1mConsolidate compiler generated dependencies of target moveit_test_utils[0m
[ 31%] Built target moveit_test_utils
[35m[1mConsolidate compiler generated dependencies of target test_distance_field[0m
[ 32%] Built target test_distance_field
[35m[1mConsolidate compiler generated dependencies of target test_butterworth_filter[0m
[ 33%] Built target test_butterworth_filter
[35m[1mConsolidate compiler generated dependencies of target test_robot_model[0m
[ 34%] Built target test_robot_model
[35m[1mConsolidate compiler generated dependencies of target test_transforms[0m
[ 35%] Built target test_transforms
[35m[1mConsolidate compiler generated dependencies of target test_voxel_grid[0m
[ 36%] Built target test_voxel_grid
[35m[1mConsolidate compiler generated dependencies of target moveit_robot_state[0m
[ 39%] Built target moveit_robot_state
[35m[1mConsolidate compiler generated dependencies of target moveit_collision_detection[0m
[ 44%] Built target moveit_collision_detection
[35m[1mConsolidate compiler generated dependencies of target moveit_kinematics_metrics[0m
[ 46%] Built target moveit_kinematics_metrics
[35m[1mConsolidate compiler generated dependencies of target moveit_acceleration_filter[0m
[ 47%] Built target moveit_acceleration_filter
[35m[1mConsolidate compiler generated dependencies of target test_robot_state[0m
[ 48%] Built target test_robot_state
[35m[1mConsolidate compiler generated dependencies of target test_robot_state_complex[0m
[ 49%] Built target test_robot_state_complex
[ 49%] [32mBuilding CXX object robot_state/CMakeFiles/test_aabb.dir/test/test_aabb.cpp.o[0m
[ 49%] [32mBuilding CXX object robot_state/CMakeFiles/test_cartesian_interpolator.dir/test/test_cartesian_interpolator.cpp.o[0m
[35m[1mConsolidate compiler generated dependencies of target moveit_dynamics_solver[0m
[ 50%] Built target moveit_dynamics_solver
[35m[1mConsolidate compiler generated dependencies of target moveit_robot_trajectory[0m
[ 51%] Built target moveit_robot_trajectory
[ 51%] [32mBuilding CXX object robot_state/CMakeFiles/robot_state_benchmark.dir/test/robot_state_benchmark.cpp.o[0m
[35m[1mConsolidate compiler generated dependencies of target moveit_collision_detection_bullet[0m
[ 52%] [32mBuilding CXX object collision_detection_bullet/CMakeFiles/moveit_collision_detection_bullet.dir/src/bullet_integration/bullet_utils.cpp.o[0m
[ 52%] [32mBuilding CXX object collision_detection_bullet/CMakeFiles/moveit_collision_detection_bullet.dir/src/bullet_integration/bullet_discrete_bvh_manager.cpp.o[0m
[ 53%] [32m[1mLinking CXX executable test_cartesian_interpolator[0m
[ 54%] [32m[1mLinking CXX executable robot_state_benchmark[0m
[ 54%] Built target robot_state_benchmark
[ 54%] Built target test_cartesian_interpolator
[ 55%] [32m[1mLinking CXX executable test_aabb[0m
[ 56%] [32mBuilding CXX object collision_detection_bullet/CMakeFiles/moveit_collision_detection_bullet.dir/src/bullet_integration/bullet_cast_bvh_manager.cpp.o[0m
[ 56%] Built target test_aabb
[ 57%] [32mBuilding CXX object collision_detection_bullet/CMakeFiles/moveit_collision_detection_bullet.dir/src/collision_env_bullet.cpp.o[0m
[35m[1mConsolidate compiler generated dependencies of target moveit_trajectory_processing[0m
[ 58%] [32mBuilding CXX object trajectory_processing/CMakeFiles/moveit_trajectory_processing.dir/src/ruckig_traj_smoothing.cpp.o[0m
[35m[1mConsolidate compiler generated dependencies of target moveit_collision_detection_fcl[0m
[ 58%] [32mBuilding CXX object collision_detection_fcl/CMakeFiles/moveit_collision_detection_fcl.dir/src/collision_common.cpp.o[0m
[ 58%] [32mBuilding CXX object collision_detection_bullet/CMakeFiles/moveit_collision_detection_bullet.dir/src/bullet_integration/bullet_bvh_manager.cpp.o[0m
[ 59%] [32mBuilding CXX object collision_detection_fcl/CMakeFiles/moveit_collision_detection_fcl.dir/src/collision_env_fcl.cpp.o[0m
[ 59%] [32mBuilding CXX object trajectory_processing/CMakeFiles/moveit_trajectory_processing.dir/src/trajectory_tools.cpp.o[0m
[ 60%] [32mBuilding CXX object collision_detection_bullet/CMakeFiles/moveit_collision_detection_bullet.dir/src/bullet_integration/contact_checker_common.cpp.o[0m
[ 61%] [32m[1mLinking CXX shared library libmoveit_collision_detection_fcl.so[0m
[ 61%] Built target moveit_collision_detection_fcl
[ 62%] [32mBuilding CXX object trajectory_processing/CMakeFiles/moveit_trajectory_processing.dir/src/time_optimal_trajectory_generation.cpp.o[0m
[ 62%] [32mBuilding CXX object collision_detection_bullet/CMakeFiles/moveit_collision_detection_bullet.dir/src/bullet_integration/ros_bullet_utils.cpp.o[0m
[35m[1mConsolidate compiler generated dependencies of target test_world_diff[0m
[ 63%] [32mBuilding CXX object collision_detection/CMakeFiles/test_world_diff.dir/test/test_world_diff.cpp.o[0m
[35m[1mConsolidate compiler generated dependencies of target test_world[0m
[ 64%] [32mBuilding CXX object collision_detection/CMakeFiles/test_world.dir/test/test_world.cpp.o[0m
[ 65%] [32m[1mLinking CXX shared library libmoveit_collision_detection_bullet.so[0m
[ 65%] Built target moveit_collision_detection_bullet
[ 65%] [32m[1mLinking CXX executable test_world_diff[0m
[ 65%] Built target test_world_diff
[ 65%] [32m[1mLinking CXX executable test_world[0m
[ 65%] Built target test_world
[ 65%] [32m[1mLinking CXX shared library libmoveit_trajectory_processing.so[0m
[ 65%] Built target moveit_trajectory_processing
[ 66%] [32mBuilding CXX object robot_trajectory/CMakeFiles/test_robot_trajectory.dir/test/test_robot_trajectory.cpp.o[0m
[35m[1mConsolidate compiler generated dependencies of target moveit_kinematic_constraints[0m
[ 66%] [32mBuilding CXX object kinematic_constraints/CMakeFiles/moveit_kinematic_constraints.dir/src/kinematic_constraint.cpp.o[0m
[ 67%] [32mBuilding CXX object online_signal_smoothing/CMakeFiles/test_acceleration_filter.dir/test/test_acceleration_filter.cpp.o[0m
[35m[1mConsolidate compiler generated dependencies of target test_all_valid[0m
[ 68%] [32mBuilding CXX object collision_detection/CMakeFiles/test_all_valid.dir/test/test_all_valid.cpp.o[0m
[ 68%] [32m[1mLinking CXX executable test_all_valid[0m
[ 68%] Built target test_all_valid
[ 68%] [32m[1mLinking CXX executable test_robot_trajectory[0m
[ 68%] Built target test_robot_trajectory
[ 68%] [32m[1mLinking CXX executable test_acceleration_filter[0m
[ 68%] Built target test_acceleration_filter
[ 69%] [32mBuilding CXX object kinematic_constraints/CMakeFiles/moveit_kinematic_constraints.dir/src/utils.cpp.o[0m
[35m[1mConsolidate compiler generated dependencies of target test_bullet_continuous_collision_checking[0m
[ 69%] [32mBuilding CXX object collision_detection_bullet/CMakeFiles/test_bullet_continuous_collision_checking.dir/test/test_bullet_continuous_collision_checking.cpp.o[0m
[35m[1mConsolidate compiler generated dependencies of target test_bullet_collision_detection_panda[0m
[ 70%] [32mBuilding CXX object collision_detection_bullet/CMakeFiles/test_bullet_collision_detection_panda.dir/test/test_bullet_collision_detection_panda.cpp.o[0m
[35m[1mConsolidate compiler generated dependencies of target test_bullet_collision_detection[0m
[ 71%] [32mBuilding CXX object collision_detection_bullet/CMakeFiles/test_bullet_collision_detection.dir/test/test_bullet_collision_detection_pr2.cpp.o[0m
[ 72%] [32m[1mLinking CXX executable test_bullet_collision_detection[0m
[ 72%] [32m[1mLinking CXX executable test_bullet_collision_detection_panda[0m
[ 72%] Built target test_bullet_collision_detection_panda
[ 72%] Built target test_bullet_collision_detection
[ 72%] [32m[1mLinking CXX shared library libmoveit_kinematic_constraints.so[0m
[ 73%] [32m[1mLinking CXX executable test_bullet_continuous_collision_checking[0m
[ 73%] Built target moveit_kinematic_constraints
[ 73%] Built target test_bullet_continuous_collision_checking
[35m[1mConsolidate compiler generated dependencies of target test_fcl_collision_detection_panda[0m
[ 74%] [32mBuilding CXX object collision_detection_fcl/CMakeFiles/test_fcl_collision_detection_panda.dir/test/test_fcl_collision_detection_panda.cpp.o[0m
[35m[1mConsolidate compiler generated dependencies of target test_constraints[0m
[ 74%] [32mBuilding CXX object kinematic_constraints/CMakeFiles/test_constraints.dir/test/test_constraints.cpp.o[0m
[35m[1mConsolidate compiler generated dependencies of target test_fcl_collision_detection[0m
[ 75%] [32mBuilding CXX object collision_detection_fcl/CMakeFiles/test_fcl_collision_detection.dir/test/test_fcl_collision_detection_pr2.cpp.o[0m
[35m[1mConsolidate compiler generated dependencies of target test_fcl_collision_env[0m
[ 76%] [32mBuilding CXX object collision_detection_fcl/CMakeFiles/test_fcl_collision_env.dir/test/test_fcl_env.cpp.o[0m
[ 76%] [32m[1mLinking CXX executable test_fcl_collision_detection_panda[0m
[ 76%] Built target test_fcl_collision_detection_panda
[ 76%] [32m[1mLinking CXX executable test_fcl_collision_env[0m
[ 76%] Built target test_fcl_collision_env
[ 76%] [32m[1mLinking CXX executable test_fcl_collision_detection[0m
[ 76%] Built target test_fcl_collision_detection
[35m[1mConsolidate compiler generated dependencies of target test_ruckig_traj_smoothing[0m
[ 77%] [32mBuilding CXX object trajectory_processing/CMakeFiles/test_ruckig_traj_smoothing.dir/test/test_ruckig_traj_smoothing.cpp.o[0m
[35m[1mConsolidate compiler generated dependencies of target test_time_optimal_trajectory_generation[0m
[ 77%] [32mBuilding CXX object trajectory_processing/CMakeFiles/test_time_optimal_trajectory_generation.dir/test/test_time_optimal_trajectory_generation.cpp.o[0m
[35m[1mConsolidate compiler generated dependencies of target test_orientation_constraints[0m
[ 77%] [32mBuilding CXX object kinematic_constraints/CMakeFiles/test_orientation_constraints.dir/test/test_orientation_constraints.cpp.o[0m
[ 78%] [32m[1mLinking CXX executable test_constraints[0m
[ 78%] Built target test_constraints
[ 79%] [32m[1mLinking CXX executable test_ruckig_traj_smoothing[0m
[ 79%] Built target test_ruckig_traj_smoothing
[ 80%] [32m[1mLinking CXX executable test_time_optimal_trajectory_generation[0m
[ 80%] Built target test_time_optimal_trajectory_generation
[ 81%] [32m[1mLinking CXX executable test_orientation_constraints[0m
[ 81%] Built target test_orientation_constraints
[35m[1mConsolidate compiler generated dependencies of target moveit_planning_scene[0m
[ 82%] [32mBuilding CXX object planning_scene/CMakeFiles/moveit_planning_scene.dir/src/planning_scene.cpp.o[0m
[ 82%] [32m[1mLinking CXX shared library libmoveit_planning_scene.so[0m
[ 82%] Built target moveit_planning_scene
[35m[1mConsolidate compiler generated dependencies of target collision_detector_fcl_plugin[0m
[35m[1mConsolidate compiler generated dependencies of target collision_detector_bullet_plugin[0m
[35m[1mConsolidate compiler generated dependencies of target moveit_collision_distance_field[0m
[ 82%] [32mBuilding CXX object trajectory_processing/CMakeFiles/robot_trajectory_benchmark.dir/test/robot_trajectory_benchmark.cpp.o[0m
[ 82%] [32mBuilding CXX object collision_detection_bullet/CMakeFiles/collision_detector_bullet_plugin.dir/src/collision_detector_bullet_plugin_loader.cpp.o[0m
[ 82%] [32mBuilding CXX object collision_distance_field/CMakeFiles/moveit_collision_distance_field.dir/src/collision_distance_field_types.cpp.o[0m
[ 82%] [32mBuilding CXX object collision_detection_fcl/CMakeFiles/collision_detector_fcl_plugin.dir/src/collision_detector_fcl_plugin_loader.cpp.o[0m
[ 83%] [32mBuilding CXX object collision_distance_field/CMakeFiles/moveit_collision_distance_field.dir/src/collision_common_distance_field.cpp.o[0m
[ 84%] [32m[1mLinking CXX executable robot_trajectory_benchmark[0m
[ 84%] Built target robot_trajectory_benchmark
[ 84%] [32mBuilding CXX object collision_distance_field/CMakeFiles/moveit_collision_distance_field.dir/src/collision_env_distance_field.cpp.o[0m
[ 85%] [32m[1mLinking CXX shared library libcollision_detector_bullet_plugin.so[0m
[ 85%] Built target collision_detector_bullet_plugin
[ 86%] [32m[1mLinking CXX shared library libcollision_detector_fcl_plugin.so[0m
[ 86%] Built target collision_detector_fcl_plugin
[35m[1mConsolidate compiler generated dependencies of target moveit_planning_interface[0m
[ 86%] [32mBuilding CXX object planning_interface/CMakeFiles/moveit_planning_interface.dir/src/planning_interface.cpp.o[0m
[35m[1mConsolidate compiler generated dependencies of target moveit_constraint_samplers[0m
[ 86%] [32mBuilding CXX object constraint_samplers/CMakeFiles/moveit_constraint_samplers.dir/src/constraint_sampler.cpp.o[0m
[ 87%] [32mBuilding CXX object collision_distance_field/CMakeFiles/moveit_collision_distance_field.dir/src/collision_env_hybrid.cpp.o[0m
[ 88%] [32mBuilding CXX object constraint_samplers/CMakeFiles/moveit_constraint_samplers.dir/src/constraint_sampler_manager.cpp.o[0m
In file included from [01m[K/home/ti5/ws_moveit2/moveit2/moveit_core/planning_interface/include/moveit/planning_interface/planning_response.h:40[m[K,
                 from [01m[K/home/ti5/ws_moveit2/moveit2/moveit_core/planning_interface/include/moveit/planning_interface/planning_interface.h:41[m[K,
                 from [01m[K/home/ti5/ws_moveit2/moveit2/moveit_core/planning_interface/src/planning_interface.cpp:37[m[K:
[01m[K/home/ti5/ws_moveit2/moveit2/moveit_core/utils/include/moveit/utils/moveit_error_code.h:50:72:[m[K [01;31m[Kerror: [m[Kâ€˜[01m[KUNDEFINED[m[Kâ€™ is not a member of â€˜[01m[Kmoveit_msgs::msg::MoveItErrorCodes[m[Kâ€™ {aka â€˜[01m[Kmoveit_msgs::msg::MoveItErrorCodes_<std::allocator<void> >[m[Kâ€™}
   50 | (const int code = moveit_msgs::msg::MoveItErrorCodes::[01;31m[KUNDEFINED[m[K, const std::string& error_message = "",
      |                                                       [01;31m[K^~~~~~~~~[m[K

[01m[K/home/ti5/ws_moveit2/moveit2/moveit_core/utils/include/moveit/utils/moveit_error_code.h:[m[K In constructor â€˜[01m[Kmoveit::core::MoveItErrorCode::MoveItErrorCode(int, const string&, const string&)[m[Kâ€™:
[01m[K/home/ti5/ws_moveit2/moveit2/moveit_core/utils/include/moveit/utils/moveit_error_code.h:54:5:[m[K [01;31m[Kerror: [m[Kâ€˜[01m[Kmessage[m[Kâ€™ was not declared in this scope
   54 |     [01;31m[Kmessage[m[K = error_message;
      |     [01;31m[K^~~~~~~[m[K
[01m[K/home/ti5/ws_moveit2/moveit2/moveit_core/utils/include/moveit/utils/moveit_error_code.h:55:5:[m[K [01;31m[Kerror: [m[Kâ€˜[01m[Ksource[m[Kâ€™ was not declared in this scope
   55 |     [01;31m[Ksource[m[K = error_source;
      |     [01;31m[K^~~~~~[m[K
[01m[K/home/ti5/ws_moveit2/moveit2/moveit_core/utils/include/moveit/utils/moveit_error_code.h:[m[K In constructor â€˜[01m[Kmoveit::core::MoveItErrorCode::MoveItErrorCode(const MoveItErrorCodes&)[m[Kâ€™:
[01m[K/home/ti5/ws_moveit2/moveit2/moveit_core/utils/include/moveit/utils/moveit_error_code.h:60:5:[m[K [01;31m[Kerror: [m[Kâ€˜[01m[Kmessage[m[Kâ€™ was not declared in this scope
   60 |     [01;31m[Kmessage[m[K = code.message;
      |     [01;31m[K^~~~~~~[m[K
[01m[K/home/ti5/ws_moveit2/moveit2/moveit_core/utils/include/moveit/utils/moveit_error_code.h:60:20:[m[K [01;31m[Kerror: [m[Kâ€˜[01m[Kconst MoveItErrorCodes[m[Kâ€™ {aka â€˜[01m[Kconst struct moveit_msgs::msg::MoveItErrorCodes_<std::allocator<void> >[m[Kâ€™} has no member named â€˜[01m[Kmessage[m[Kâ€™
   60 |     message = code.[01;31m[Kmessage[m[K;
      |                    [01;31m[K^~~~~~~[m[K
[01m[K/home/ti5/ws_moveit2/moveit2/moveit_core/utils/include/moveit/utils/moveit_error_code.h:61:5:[m[K [01;31m[Kerror: [m[Kâ€˜[01m[Ksource[m[Kâ€™ was not declared in this scope
   61 |     [01;31m[Ksource[m[K = code.source;
      |     [01;31m[K^~~~~~[m[K
[01m[K/home/ti5/ws_moveit2/moveit2/moveit_core/utils/include/moveit/utils/moveit_error_code.h:61:19:[m[K [01;31m[Kerror: [m[Kâ€˜[01m[Kconst MoveItErrorCodes[m[Kâ€™ {aka â€˜[01m[Kconst struct moveit_msgs::msg::MoveItErrorCodes_<std::allocator<void> >[m[Kâ€™} has no member named â€˜[01m[Ksource[m[Kâ€™
   61 |     source = code.[01;31m[Ksource[m[K;
      |                   [01;31m[K^~~~~~[m[K
[01m[K/home/ti5/ws_moveit2/moveit2/moveit_core/utils/include/moveit/utils/moveit_error_code.h:[m[K In function â€˜[01m[Kstd::string moveit::core::errorCodeToString(const moveit::core::MoveItErrorCode&)[m[Kâ€™:
[01m[K/home/ti5/ws_moveit2/moveit2/moveit_core/utils/include/moveit/utils/moveit_error_code.h:88:41:[m[K [01;31m[Kerror: [m[Kâ€˜[01m[KUNDEFINED[m[Kâ€™ is not a member of â€˜[01m[Kmoveit::core::MoveItErrorCode[m[Kâ€™
   88 |     case moveit::core::MoveItErrorCode::[01;31m[KUNDEFINED[m[K:
      |                                         [01;31m[K^~~~~~~~~[m[K
gmake[2]: *** [planning_interface/CMakeFiles/moveit_planning_interface.dir/build.make:76: planning_interface/CMakeFiles/moveit_planning_interface.dir/src/planning_interface.cpp.o] Error 1
gmake[1]: *** [CMakeFiles/Makefile2:1957: planning_interface/CMakeFiles/moveit_planning_interface.dir/all] Error 2
gmake[1]: *** Waiting for unfinished jobs....
[ 88%] [32mBuilding CXX object constraint_samplers/CMakeFiles/moveit_constraint_samplers.dir/src/constraint_sampler_tools.cpp.o[0m
[ 89%] [32m[1mLinking CXX shared library libmoveit_collision_distance_field.so[0m
[ 89%] Built target moveit_collision_distance_field
[ 89%] [32mBuilding CXX object constraint_samplers/CMakeFiles/moveit_constraint_samplers.dir/src/union_constraint_sampler.cpp.o[0m
[ 90%] [32mBuilding CXX object constraint_samplers/CMakeFiles/moveit_constraint_samplers.dir/src/default_constraint_samplers.cpp.o[0m
[ 91%] [32m[1mLinking CXX shared library libmoveit_constraint_samplers.so[0m
[ 91%] Built target moveit_constraint_samplers
gmake: *** [Makefile:146: all] Error 2
